<?xml version="1.0" encoding="UTF-8"?>
<testsuite name="com.andreamazzarella.contact_manager.InMemoryRepositoryTest" tests="1" skipped="0" failures="0" errors="0" timestamp="2017-01-11T15:52:12" hostname="Andreas-MacBook-Air.local" time="0.021">
  <properties/>
  <testcase name="noContactsExist" classname="com.andreamazzarella.contact_manager.InMemoryRepositoryTest" time="0.021"/>
  <system-out><![CDATA[]]></system-out>
  <system-err><![CDATA[]]></system-err>
</testsuite>
