<?xml version="1.0" encoding="UTF-8"?>
<testsuite name="com.andreamazzarella.contact_manager.SearchContactIntegrationTest" tests="1" skipped="0" failures="0" errors="0" timestamp="2017-01-12T17:14:34" hostname="Andreas-Air" time="0.001">
  <properties/>
  <testcase name="displaysFoundContact" classname="com.andreamazzarella.contact_manager.SearchContactIntegrationTest" time="0.001"/>
  <system-out><![CDATA[]]></system-out>
  <system-err><![CDATA[]]></system-err>
</testsuite>
