<?xml version="1.0" encoding="UTF-8"?>
<testsuite name="com.andreamazzarella.contact_manager.InMemoryRepositoryTest" tests="5" skipped="0" failures="0" errors="0" timestamp="2017-01-12T14:38:42" hostname="Andreas-Air" time="0.01">
  <properties/>
  <testcase name="noContactsExist" classname="com.andreamazzarella.contact_manager.InMemoryRepositoryTest" time="0.001"/>
  <testcase name="searchForExistingContactOne" classname="com.andreamazzarella.contact_manager.InMemoryRepositoryTest" time="0.001"/>
  <testcase name="searchForExistingContactTwo" classname="com.andreamazzarella.contact_manager.InMemoryRepositoryTest" time="0.001"/>
  <testcase name="findsAllContactsAvailable" classname="com.andreamazzarella.contact_manager.InMemoryRepositoryTest" time="0.001"/>
  <testcase name="searchForInexistentContact" classname="com.andreamazzarella.contact_manager.InMemoryRepositoryTest" time="0.0"/>
  <system-out><![CDATA[]]></system-out>
  <system-err><![CDATA[]]></system-err>
</testsuite>
